<?xml version="1.0" encoding="UTF-8"?>
<testsuite xmlns:xsi="http://www.w3.org/2001/XMLSchema-instance" xsi:noNamespaceSchemaLocation="https://maven.apache.org/surefire/maven-surefire-plugin/xsd/surefire-test-report-3.0.xsd" version="3.0" name="runners.TestRunner" time="7.979" tests="8" errors="0" skipped="0" failures="0">
  <properties>
[...]
</properties>
  <testcase name="runScenario[&quot;Register a new user&quot;, &quot;API Testing with Rest Assured&quot;](1)" classname="runners.TestRunner" time="5.385">
    <system-out><![CDATA[
Scenario: Register a new user                                                                          &amp#27;[90m# src/test/resources/features/MovieRental.feature:3&amp#27;[0m
  &amp#27;[32mGiven &amp#27;[0m&amp#27;[32mthe user registration endpoint is available&amp#27;[0m                                                    &amp#27;[90m# stepdefinitions.ApiSteps.theUserRegistrationEndpointIsAvailable()&amp#27;[0m
Request method:	POST
Request URI:	http://localhost:2000/users/register
Proxy:			<none>
Request params:	<none>
Query params:	<none>
Form params:	<none>
Path params:	<none>
Headers:		Accept=*/*
				Content-Type=application/json
Cookies:		<none>
Multiparts:		<none>
Body:
{
    "username": "JohnDoe",
    "password": "password123",
    "email": "john@example.com"
}
  &amp#27;[32mWhen &amp#27;[0m&amp#27;[32mI register a user with username &amp#27;[0m&amp#27;[32m&amp#27;[1m"JohnDoe"&amp#27;[0m&amp#27;[32m, password &amp#27;[0m&amp#27;[32m&amp#27;[1m"password123"&amp#27;[0m&amp#27;[32m, and email &amp#27;[0m&amp#27;[32m&amp#27;[1m"john@example.com"&amp#27;[0m &amp#27;[90m# stepdefinitions.ApiSteps.iRegisterAUser(java.lang.String,java.lang.String,java.lang.String)&amp#27;[0m
  &amp#27;[32mThen &amp#27;[0m&amp#27;[32mthe response status code should be &amp#27;[0m&amp#27;[32m&amp#27;[1m201&amp#27;[0m                                                          &amp#27;[90m# stepdefinitions.ApiSteps.theResponseStatusCodeShouldBe(int)&amp#27;[0m
  &amp#27;[32mAnd &amp#27;[0m&amp#27;[32mthe response body should contain username &amp#27;[0m&amp#27;[32m&amp#27;[1m"JohnDoe"&amp#27;[0m&amp#27;[32m and email &amp#27;[0m&amp#27;[32m&amp#27;[1m"john@example.com"&amp#27;[0m                 &amp#27;[90m# stepdefinitions.ApiSteps.theResponseBodyShouldContainUsernameAndEmail(java.lang.String,java.lang.String)&amp#27;[0m
]]></system-out>
    <system-err><![CDATA[SLF4J: Failed to load class "org.slf4j.impl.StaticLoggerBinder".
SLF4J: Defaulting to no-operation (NOP) logger implementation
SLF4J: See http://www.slf4j.org/codes.html#StaticLoggerBinder for further details.
]]></system-err>
  </testcase>
  <testcase name="runScenario[&quot;Login a user&quot;, &quot;API Testing with Rest Assured&quot;](2)" classname="runners.TestRunner" time="0.175">
    <system-out><![CDATA[
Scenario: Login a user                                            &amp#27;[90m# src/test/resources/features/MovieRental.feature:9&amp#27;[0m
  &amp#27;[32mGiven &amp#27;[0m&amp#27;[32mthe user login endpoint is available&amp#27;[0m                      &amp#27;[90m# stepdefinitions.ApiSteps.theUserLoginEndpointIsAvailable()&amp#27;[0m
Request method:	POST
Request URI:	http://localhost:2000/users/login
Proxy:			<none>
Request params:	<none>
Query params:	<none>
Form params:	<none>
Path params:	<none>
Headers:		Accept=*/*
				Content-Type=application/json
Cookies:		<none>
Multiparts:		<none>
Body:
{
    "username": "Ankit",
    "password": "Ankit123",
    "email": null
}
  &amp#27;[32mWhen &amp#27;[0m&amp#27;[32mI login with username &amp#27;[0m&amp#27;[32m&amp#27;[1m"Ankit"&amp#27;[0m&amp#27;[32m and password &amp#27;[0m&amp#27;[32m&amp#27;[1m"Ankit123"&amp#27;[0m      &amp#27;[90m# stepdefinitions.ApiSteps.iLoginWithUsernameAndPassword(java.lang.String,java.lang.String)&amp#27;[0m
  &amp#27;[32mThen &amp#27;[0m&amp#27;[32mthe response status code should be &amp#27;[0m&amp#27;[32m&amp#27;[1m200&amp#27;[0m                     &amp#27;[90m# stepdefinitions.ApiSteps.theResponseStatusCodeShouldBe(int)&amp#27;[0m
  &amp#27;[32mAnd &amp#27;[0m&amp#27;[32mthe response body should contain message &amp#27;[0m&amp#27;[32m&amp#27;[1m"Login successful"&amp#27;[0m &amp#27;[90m# stepdefinitions.ApiSteps.theResponseBodyShouldContainMessage(java.lang.String)&amp#27;[0m
]]></system-out>
  </testcase>
  <testcase name="runScenario[&quot;Update user details&quot;, &quot;API Testing with Rest Assured&quot;](3)" classname="runners.TestRunner" time="0.127">
    <system-out><![CDATA[
Scenario: Update user details                                                                  &amp#27;[90m# src/test/resources/features/MovieRental.feature:15&amp#27;[0m
  &amp#27;[32mGiven &amp#27;[0m&amp#27;[32mthe user update endpoint is available&amp#27;[0m                                                  &amp#27;[90m# stepdefinitions.ApiSteps.theUserUpdateEndpointIsAvailable()&amp#27;[0m
Request method:	PUT
Request URI:	http://localhost:2000/users/1
Proxy:			<none>
Request params:	<none>
Query params:	<none>
Form params:	<none>
Path params:	<none>
Headers:		Accept=*/*
				Content-Type=application/json
Cookies:		<none>
Multiparts:		<none>
Body:
{
    "username": "AnkitChauhan",
    "password": null,
    "email": "chauhan@example.com"
}
  &amp#27;[32mWhen &amp#27;[0m&amp#27;[32mI update user with id &amp#27;[0m&amp#27;[32m&amp#27;[1m1&amp#27;[0m&amp#27;[32m with username &amp#27;[0m&amp#27;[32m&amp#27;[1m"AnkitChauhan"&amp#27;[0m&amp#27;[32m and email &amp#27;[0m&amp#27;[32m&amp#27;[1m"chauhan@example.com"&amp#27;[0m    &amp#27;[90m# stepdefinitions.ApiSteps.iUpdateUserWithIdWithUsernameAndEmail(int,java.lang.String,java.lang.String)&amp#27;[0m
  &amp#27;[32mThen &amp#27;[0m&amp#27;[32mthe response status code should be &amp#27;[0m&amp#27;[32m&amp#27;[1m200&amp#27;[0m                                                  &amp#27;[90m# stepdefinitions.ApiSteps.theResponseStatusCodeShouldBe(int)&amp#27;[0m
  &amp#27;[32mAnd &amp#27;[0m&amp#27;[32mthe response body should contain username &amp#27;[0m&amp#27;[32m&amp#27;[1m"AnkitChauhan"&amp#27;[0m&amp#27;[32m and email &amp#27;[0m&amp#27;[32m&amp#27;[1m"chauhan@example.com"&amp#27;[0m &amp#27;[90m# stepdefinitions.ApiSteps.theResponseBodyShouldContainUsernameAndEmail(java.lang.String,java.lang.String)&amp#27;[0m
]]></system-out>
  </testcase>
  <testcase name="runScenario[&quot;Delete a user&quot;, &quot;API Testing with Rest Assured&quot;](4)" classname="runners.TestRunner" time="0.079">
    <system-out><![CDATA[
Scenario: Delete a user                       &amp#27;[90m# src/test/resources/features/MovieRental.feature:21&amp#27;[0m
  &amp#27;[32mGiven &amp#27;[0m&amp#27;[32mthe user delete endpoint is available&amp#27;[0m &amp#27;[90m# stepdefinitions.ApiSteps.theUserDeleteEndpointIsAvailable()&amp#27;[0m
Request method:	DELETE
Request URI:	http://localhost:2000/users/3
Proxy:			<none>
Request params:	<none>
Query params:	<none>
Form params:	<none>
Path params:	<none>
Headers:		Accept=*/*
				Content-Type=application/json
Cookies:		<none>
Multiparts:		<none>
Body:			<none>
  &amp#27;[32mWhen &amp#27;[0m&amp#27;[32mI delete user with id &amp#27;[0m&amp#27;[32m&amp#27;[1m3&amp#27;[0m                &amp#27;[90m# stepdefinitions.ApiSteps.iDeleteUserWithId(int)&amp#27;[0m
  &amp#27;[32mThen &amp#27;[0m&amp#27;[32mthe response status code should be &amp#27;[0m&amp#27;[32m&amp#27;[1m204&amp#27;[0m &amp#27;[90m# stepdefinitions.ApiSteps.theResponseStatusCodeShouldBe(int)&amp#27;[0m
]]></system-out>
  </testcase>
  <testcase name="runScenario[&quot;Post a movie&quot;, &quot;API Testing with Rest Assured&quot;](5)" classname="runners.TestRunner" time="0.073">
    <system-out><![CDATA[
Scenario: Post a movie                                                                                       &amp#27;[90m# src/test/resources/features/MovieRental.feature:26&amp#27;[0m
  &amp#27;[32mGiven &amp#27;[0m&amp#27;[32mthe movie post endpoint is available&amp#27;[0m                                                                 &amp#27;[90m# stepdefinitions.ApiSteps.theMoviePostEndpointIsAvailable()&amp#27;[0m
Request method:	POST
Request URI:	http://localhost:2000/movies
Proxy:			<none>
Request params:	<none>
Query params:	<none>
Form params:	<none>
Path params:	<none>
Headers:		Accept=*/*
				Content-Type=application/json
Cookies:		<none>
Multiparts:		<none>
Body:
{
    "title": "Inception",
    "director": "Nolan",
    "genre": "Sci-Fi",
    "releaseDate": "2010-07-16"
}
  &amp#27;[32mWhen &amp#27;[0m&amp#27;[32mI post a movie with title &amp#27;[0m&amp#27;[32m&amp#27;[1m"Inception"&amp#27;[0m&amp#27;[32m, director &amp#27;[0m&amp#27;[32m&amp#27;[1m"Nolan"&amp#27;[0m&amp#27;[32m, genre &amp#27;[0m&amp#27;[32m&amp#27;[1m"Sci-Fi"&amp#27;[0m&amp#27;[32m, and releaseDate &amp#27;[0m&amp#27;[32m&amp#27;[1m"2010-07-16"&amp#27;[0m &amp#27;[90m# stepdefinitions.ApiSteps.iPostAMovieWithDetails(java.lang.String,java.lang.String,java.lang.String,java.lang.String)&amp#27;[0m
  &amp#27;[32mThen &amp#27;[0m&amp#27;[32mthe response status code should be &amp#27;[0m&amp#27;[32m&amp#27;[1m201&amp#27;[0m                                                                &amp#27;[90m# stepdefinitions.ApiSteps.theResponseStatusCodeShouldBe(int)&amp#27;[0m
  &amp#27;[32mAnd &amp#27;[0m&amp#27;[32mthe response body should contain title &amp#27;[0m&amp#27;[32m&amp#27;[1m"Inception"&amp#27;[0m&amp#27;[32m and director &amp#27;[0m&amp#27;[32m&amp#27;[1m"Nolan"&amp#27;[0m                                &amp#27;[90m# stepdefinitions.ApiSteps.theResponseBodyShouldContainTitleAndDirector(java.lang.String,java.lang.String)&amp#27;[0m
]]></system-out>
  </testcase>
  <testcase name="runScenario[&quot;Get a movie by ID&quot;, &quot;API Testing with Rest Assured&quot;](6)" classname="runners.TestRunner" time="0.076">
    <system-out><![CDATA[
Scenario: Get a movie by ID                            &amp#27;[90m# src/test/resources/features/MovieRental.feature:32&amp#27;[0m
  &amp#27;[32mGiven &amp#27;[0m&amp#27;[32mthe movie get by ID endpoint is available&amp#27;[0m      &amp#27;[90m# stepdefinitions.ApiSteps.theMovieGetByIdEndpointIsAvailable()&amp#27;[0m
Request method:	GET
Request URI:	http://localhost:2000/movies/1
Proxy:			<none>
Request params:	<none>
Query params:	<none>
Form params:	<none>
Path params:	<none>
Headers:		Accept=*/*
				Content-Type=application/json
Cookies:		<none>
Multiparts:		<none>
Body:			<none>
  &amp#27;[32mWhen &amp#27;[0m&amp#27;[32mI get the movie with ID &amp#27;[0m&amp#27;[32m&amp#27;[1m1&amp#27;[0m                       &amp#27;[90m# stepdefinitions.ApiSteps.iGetTheMovieWithId(int)&amp#27;[0m
  &amp#27;[32mThen &amp#27;[0m&amp#27;[32mthe response status code should be &amp#27;[0m&amp#27;[32m&amp#27;[1m200&amp#27;[0m          &amp#27;[90m# stepdefinitions.ApiSteps.theResponseStatusCodeShouldBe(int)&amp#27;[0m
  &amp#27;[32mAnd &amp#27;[0m&amp#27;[32mthe response body should contain title &amp#27;[0m&amp#27;[32m&amp#27;[1m"Ghazini"&amp#27;[0m &amp#27;[90m# stepdefinitions.ApiSteps.theResponseBodyShouldContainTitle(java.lang.String)&amp#27;[0m
]]></system-out>
  </testcase>
  <testcase name="runScenario[&quot;Post a rental&quot;, &quot;API Testing with Rest Assured&quot;](7)" classname="runners.TestRunner" time="0.093">
    <system-out><![CDATA[
Scenario: Post a rental                                                      &amp#27;[90m# src/test/resources/features/MovieRental.feature:38&amp#27;[0m
  &amp#27;[32mGiven &amp#27;[0m&amp#27;[32mthe rental post endpoint is available&amp#27;[0m                                &amp#27;[90m# stepdefinitions.ApiSteps.theRentalPostEndpointIsAvailable()&amp#27;[0m
Request method:	POST
Request URI:	http://localhost:2000/rentals
Proxy:			<none>
Request params:	<none>
Query params:	<none>
Form params:	<none>
Path params:	<none>
Headers:		Accept=*/*
				Content-Type=application/json
Cookies:		<none>
Multiparts:		<none>
Body:
{
    "userId": 1,
    "movieId": 1,
    "rentalDate": "2024-01-01"
}
  &amp#27;[32mWhen &amp#27;[0m&amp#27;[32mI post a rental with userId &amp#27;[0m&amp#27;[32m&amp#27;[1m1&amp#27;[0m&amp#27;[32m, movieId &amp#27;[0m&amp#27;[32m&amp#27;[1m1&amp#27;[0m&amp#27;[32m, and rentalDate &amp#27;[0m&amp#27;[32m&amp#27;[1m"2024-01-01"&amp#27;[0m &amp#27;[90m# stepdefinitions.ApiSteps.iPostARentalWithDetails(int,int,java.lang.String)&amp#27;[0m
  &amp#27;[32mThen &amp#27;[0m&amp#27;[32mthe response status code should be &amp#27;[0m&amp#27;[32m&amp#27;[1m201&amp#27;[0m                                &amp#27;[90m# stepdefinitions.ApiSteps.theResponseStatusCodeShouldBe(int)&amp#27;[0m
  &amp#27;[32mAnd &amp#27;[0m&amp#27;[32mthe response body should contain userId &amp#27;[0m&amp#27;[32m&amp#27;[1m1&amp#27;[0m&amp#27;[32m and movieId &amp#27;[0m&amp#27;[32m&amp#27;[1m1&amp#27;[0m                &amp#27;[90m# stepdefinitions.ApiSteps.theResponseBodyShouldContainUserIdAndMovieId(int,int)&amp#27;[0m
]]></system-out>
  </testcase>
  <testcase name="runScenario[&quot;Get all rentals&quot;, &quot;API Testing with Rest Assured&quot;](8)" classname="runners.TestRunner" time="0.049">
    <system-out><![CDATA[
Scenario: Get all rentals                         &amp#27;[90m# src/test/resources/features/MovieRental.feature:44&amp#27;[0m
  &amp#27;[32mGiven &amp#27;[0m&amp#27;[32mthe rentals get all endpoint is available&amp#27;[0m &amp#27;[90m# stepdefinitions.ApiSteps.theRentalsGetAllEndpointIsAvailable()&amp#27;[0m
Request method:	GET
Request URI:	http://localhost:2000/rentals
Proxy:			<none>
Request params:	<none>
Query params:	<none>
Form params:	<none>
Path params:	<none>
Headers:		Accept=*/*
				Content-Type=application/json
Cookies:		<none>
Multiparts:		<none>
Body:			<none>
  &amp#27;[32mWhen &amp#27;[0m&amp#27;[32mI get all rentals&amp#27;[0m                          &amp#27;[90m# stepdefinitions.ApiSteps.iGetAllRentals()&amp#27;[0m
  &amp#27;[32mThen &amp#27;[0m&amp#27;[32mthe response status code should be &amp#27;[0m&amp#27;[32m&amp#27;[1m200&amp#27;[0m     &amp#27;[90m# stepdefinitions.ApiSteps.theResponseStatusCodeShouldBe(int)&amp#27;[0m
  &amp#27;[32mAnd &amp#27;[0m&amp#27;[32mthe response body should contain rentals&amp#27;[0m    &amp#27;[90m# stepdefinitions.ApiSteps.theResponseBodyShouldContainRentals()&amp#27;[0m
]]></system-out>
  </testcase>
</testsuite>