<?xml version="1.0" encoding="UTF-8"?>
<testng-results ignored="0" total="8" passed="8" failed="0" skipped="0">
  <reporter-output>
  </reporter-output>
  <suite started-at="2024-09-05T11:10:37 IST" name="Surefire suite" finished-at="2024-09-05T11:10:44 IST" duration-ms="7132">
    <groups>
      <group name="cucumber">
        <method signature="AbstractTestNGCucumberTests.runScenario(io.cucumber.testng.PickleWrapper,io.cucumber.testng.FeatureWrapper)[pri:0, instance:runners.TestRunner@159f197]" name="runScenario" class="io.cucumber.testng.AbstractTestNGCucumberTests"/>
      </group> <!-- cucumber -->
    </groups>
    <test started-at="2024-09-05T11:10:37 IST" name="Surefire test" finished-at="2024-09-05T11:10:44 IST" duration-ms="7132">
      <class name="runners.TestRunner">
        <test-method is-config="true" signature="setUpClass(org.testng.ITestContext)[pri:0, instance:runners.TestRunner@159f197]" started-at="2024-09-05T11:10:37 IST" name="setUpClass" finished-at="2024-09-05T11:10:38 IST" duration-ms="955" status="PASS">
          <params>
            <param index="0">
              <value>
                <![CDATA[org.testng.TestRunner@6a96d639]]>
              </value>
            </param>
          </params>
          <reporter-output>
          </reporter-output>
        </test-method> <!-- setUpClass -->
        <test-method signature="runScenario(io.cucumber.testng.PickleWrapper,io.cucumber.testng.FeatureWrapper)[pri:0, instance:runners.TestRunner@159f197]" started-at="2024-09-05T11:10:38 IST" name="runScenario" description="Runs Cucumber Scenarios" data-provider="scenarios" finished-at="2024-09-05T11:10:44 IST" duration-ms="5379" status="PASS">
          <params>
            <param index="0">
              <value>
                <![CDATA["Register a new user"]]>
              </value>
            </param>
            <param index="1">
              <value>
                <![CDATA["API Testing with Rest Assured"]]>
              </value>
            </param>
          </params>
          <reporter-output>
          </reporter-output>
        </test-method> <!-- runScenario -->
        <test-method signature="runScenario(io.cucumber.testng.PickleWrapper,io.cucumber.testng.FeatureWrapper)[pri:0, instance:runners.TestRunner@159f197]" started-at="2024-09-05T11:10:44 IST" name="runScenario" description="Runs Cucumber Scenarios" data-provider="scenarios" finished-at="2024-09-05T11:10:44 IST" duration-ms="125" status="PASS">
          <params>
            <param index="0">
              <value>
                <![CDATA["Login a user"]]>
              </value>
            </param>
            <param index="1">
              <value>
                <![CDATA["API Testing with Rest Assured"]]>
              </value>
            </param>
          </params>
          <reporter-output>
          </reporter-output>
        </test-method> <!-- runScenario -->
        <test-method signature="runScenario(io.cucumber.testng.PickleWrapper,io.cucumber.testng.FeatureWrapper)[pri:0, instance:runners.TestRunner@159f197]" started-at="2024-09-05T11:10:44 IST" name="runScenario" description="Runs Cucumber Scenarios" data-provider="scenarios" finished-at="2024-09-05T11:10:44 IST" duration-ms="136" status="PASS">
          <params>
            <param index="0">
              <value>
                <![CDATA["Update user details"]]>
              </value>
            </param>
            <param index="1">
              <value>
                <![CDATA["API Testing with Rest Assured"]]>
              </value>
            </param>
          </params>
          <reporter-output>
          </reporter-output>
        </test-method> <!-- runScenario -->
        <test-method signature="runScenario(io.cucumber.testng.PickleWrapper,io.cucumber.testng.FeatureWrapper)[pri:0, instance:runners.TestRunner@159f197]" started-at="2024-09-05T11:10:44 IST" name="runScenario" description="Runs Cucumber Scenarios" data-provider="scenarios" finished-at="2024-09-05T11:10:44 IST" duration-ms="64" status="PASS">
          <params>
            <param index="0">
              <value>
                <![CDATA["Delete a user"]]>
              </value>
            </param>
            <param index="1">
              <value>
                <![CDATA["API Testing with Rest Assured"]]>
              </value>
            </param>
          </params>
          <reporter-output>
          </reporter-output>
        </test-method> <!-- runScenario -->
        <test-method signature="runScenario(io.cucumber.testng.PickleWrapper,io.cucumber.testng.FeatureWrapper)[pri:0, instance:runners.TestRunner@159f197]" started-at="2024-09-05T11:10:44 IST" name="runScenario" description="Runs Cucumber Scenarios" data-provider="scenarios" finished-at="2024-09-05T11:10:44 IST" duration-ms="95" status="PASS">
          <params>
            <param index="0">
              <value>
                <![CDATA["Post a movie"]]>
              </value>
            </param>
            <param index="1">
              <value>
                <![CDATA["API Testing with Rest Assured"]]>
              </value>
            </param>
          </params>
          <reporter-output>
          </reporter-output>
        </test-method> <!-- runScenario -->
        <test-method signature="runScenario(io.cucumber.testng.PickleWrapper,io.cucumber.testng.FeatureWrapper)[pri:0, instance:runners.TestRunner@159f197]" started-at="2024-09-05T11:10:44 IST" name="runScenario" description="Runs Cucumber Scenarios" data-provider="scenarios" finished-at="2024-09-05T11:10:44 IST" duration-ms="83" status="PASS">
          <params>
            <param index="0">
              <value>
                <![CDATA["Get a movie by ID"]]>
              </value>
            </param>
            <param index="1">
              <value>
                <![CDATA["API Testing with Rest Assured"]]>
              </value>
            </param>
          </params>
          <reporter-output>
          </reporter-output>
        </test-method> <!-- runScenario -->
        <test-method signature="runScenario(io.cucumber.testng.PickleWrapper,io.cucumber.testng.FeatureWrapper)[pri:0, instance:runners.TestRunner@159f197]" started-at="2024-09-05T11:10:44 IST" name="runScenario" description="Runs Cucumber Scenarios" data-provider="scenarios" finished-at="2024-09-05T11:10:44 IST" duration-ms="88" status="PASS">
          <params>
            <param index="0">
              <value>
                <![CDATA["Post a rental"]]>
              </value>
            </param>
            <param index="1">
              <value>
                <![CDATA["API Testing with Rest Assured"]]>
              </value>
            </param>
          </params>
          <reporter-output>
          </reporter-output>
        </test-method> <!-- runScenario -->
        <test-method signature="runScenario(io.cucumber.testng.PickleWrapper,io.cucumber.testng.FeatureWrapper)[pri:0, instance:runners.TestRunner@159f197]" started-at="2024-09-05T11:10:44 IST" name="runScenario" description="Runs Cucumber Scenarios" data-provider="scenarios" finished-at="2024-09-05T11:10:44 IST" duration-ms="86" status="PASS">
          <params>
            <param index="0">
              <value>
                <![CDATA["Get all rentals"]]>
              </value>
            </param>
            <param index="1">
              <value>
                <![CDATA["API Testing with Rest Assured"]]>
              </value>
            </param>
          </params>
          <reporter-output>
          </reporter-output>
        </test-method> <!-- runScenario -->
        <test-method is-config="true" signature="tearDownClass()[pri:0, instance:runners.TestRunner@159f197]" started-at="2024-09-05T11:10:44 IST" name="tearDownClass" finished-at="2024-09-05T11:10:44 IST" duration-ms="52" status="PASS">
          <reporter-output>
          </reporter-output>
        </test-method> <!-- tearDownClass -->
      </class> <!-- runners.TestRunner -->
    </test> <!-- Surefire test -->
  </suite> <!-- Surefire suite -->
</testng-results>
