<?xml version="1.0" encoding="UTF-8"?>
<testng-results ignored="0" total="8" passed="8" failed="0" skipped="0">
  <reporter-output>
  </reporter-output>
  <suite started-at="2024-09-05T10:17:06 IST" name="Default suite" finished-at="2024-09-05T10:17:13 IST" duration-ms="7060">
    <groups>
      <group name="cucumber">
        <method signature="AbstractTestNGCucumberTests.runScenario(io.cucumber.testng.PickleWrapper,io.cucumber.testng.FeatureWrapper)[pri:0, instance:runners.TestRunner@2d901eb0]" name="runScenario" class="io.cucumber.testng.AbstractTestNGCucumberTests"/>
      </group> <!-- cucumber -->
    </groups>
    <test started-at="2024-09-05T10:17:06 IST" name="Default test" finished-at="2024-09-05T10:17:13 IST" duration-ms="7060">
      <class name="runners.TestRunner">
        <test-method is-config="true" signature="setUpClass(org.testng.ITestContext)[pri:0, instance:runners.TestRunner@2d901eb0]" started-at="2024-09-05T10:17:06 IST" name="setUpClass" finished-at="2024-09-05T10:17:07 IST" duration-ms="1158" status="PASS">
          <params>
            <param index="0">
              <value>
                <![CDATA[org.testng.TestRunner@74707df8]]>
              </value>
            </param>
          </params>
          <reporter-output>
          </reporter-output>
        </test-method> <!-- setUpClass -->
        <test-method signature="runScenario(io.cucumber.testng.PickleWrapper,io.cucumber.testng.FeatureWrapper)[pri:0, instance:runners.TestRunner@2d901eb0]" started-at="2024-09-05T10:17:07 IST" name="runScenario" description="Runs Cucumber Scenarios" data-provider="scenarios" finished-at="2024-09-05T10:17:11 IST" duration-ms="4641" status="PASS">
          <params>
            <param index="0">
              <value>
                <![CDATA["Register a new user"]]>
              </value>
            </param>
            <param index="1">
              <value>
                <![CDATA["API Testing with Rest Assured"]]>
              </value>
            </param>
          </params>
          <reporter-output>
          </reporter-output>
        </test-method> <!-- runScenario -->
        <test-method signature="runScenario(io.cucumber.testng.PickleWrapper,io.cucumber.testng.FeatureWrapper)[pri:0, instance:runners.TestRunner@2d901eb0]" started-at="2024-09-05T10:17:11 IST" name="runScenario" description="Runs Cucumber Scenarios" data-provider="scenarios" finished-at="2024-09-05T10:17:11 IST" duration-ms="108" status="PASS">
          <params>
            <param index="0">
              <value>
                <![CDATA["Login a user"]]>
              </value>
            </param>
            <param index="1">
              <value>
                <![CDATA["API Testing with Rest Assured"]]>
              </value>
            </param>
          </params>
          <reporter-output>
          </reporter-output>
        </test-method> <!-- runScenario -->
        <test-method signature="runScenario(io.cucumber.testng.PickleWrapper,io.cucumber.testng.FeatureWrapper)[pri:0, instance:runners.TestRunner@2d901eb0]" started-at="2024-09-05T10:17:11 IST" name="runScenario" description="Runs Cucumber Scenarios" data-provider="scenarios" finished-at="2024-09-05T10:17:12 IST" duration-ms="245" status="PASS">
          <params>
            <param index="0">
              <value>
                <![CDATA["Update user details"]]>
              </value>
            </param>
            <param index="1">
              <value>
                <![CDATA["API Testing with Rest Assured"]]>
              </value>
            </param>
          </params>
          <reporter-output>
          </reporter-output>
        </test-method> <!-- runScenario -->
        <test-method signature="runScenario(io.cucumber.testng.PickleWrapper,io.cucumber.testng.FeatureWrapper)[pri:0, instance:runners.TestRunner@2d901eb0]" started-at="2024-09-05T10:17:12 IST" name="runScenario" description="Runs Cucumber Scenarios" data-provider="scenarios" finished-at="2024-09-05T10:17:12 IST" duration-ms="102" status="PASS">
          <params>
            <param index="0">
              <value>
                <![CDATA["Delete a user"]]>
              </value>
            </param>
            <param index="1">
              <value>
                <![CDATA["API Testing with Rest Assured"]]>
              </value>
            </param>
          </params>
          <reporter-output>
          </reporter-output>
        </test-method> <!-- runScenario -->
        <test-method signature="runScenario(io.cucumber.testng.PickleWrapper,io.cucumber.testng.FeatureWrapper)[pri:0, instance:runners.TestRunner@2d901eb0]" started-at="2024-09-05T10:17:12 IST" name="runScenario" description="Runs Cucumber Scenarios" data-provider="scenarios" finished-at="2024-09-05T10:17:12 IST" duration-ms="138" status="PASS">
          <params>
            <param index="0">
              <value>
                <![CDATA["Post a movie"]]>
              </value>
            </param>
            <param index="1">
              <value>
                <![CDATA["API Testing with Rest Assured"]]>
              </value>
            </param>
          </params>
          <reporter-output>
          </reporter-output>
        </test-method> <!-- runScenario -->
        <test-method signature="runScenario(io.cucumber.testng.PickleWrapper,io.cucumber.testng.FeatureWrapper)[pri:0, instance:runners.TestRunner@2d901eb0]" started-at="2024-09-05T10:17:12 IST" name="runScenario" description="Runs Cucumber Scenarios" data-provider="scenarios" finished-at="2024-09-05T10:17:12 IST" duration-ms="135" status="PASS">
          <params>
            <param index="0">
              <value>
                <![CDATA["Get a movie by ID"]]>
              </value>
            </param>
            <param index="1">
              <value>
                <![CDATA["API Testing with Rest Assured"]]>
              </value>
            </param>
          </params>
          <reporter-output>
          </reporter-output>
        </test-method> <!-- runScenario -->
        <test-method signature="runScenario(io.cucumber.testng.PickleWrapper,io.cucumber.testng.FeatureWrapper)[pri:0, instance:runners.TestRunner@2d901eb0]" started-at="2024-09-05T10:17:12 IST" name="runScenario" description="Runs Cucumber Scenarios" data-provider="scenarios" finished-at="2024-09-05T10:17:12 IST" duration-ms="133" status="PASS">
          <params>
            <param index="0">
              <value>
                <![CDATA["Post a rental"]]>
              </value>
            </param>
            <param index="1">
              <value>
                <![CDATA["API Testing with Rest Assured"]]>
              </value>
            </param>
          </params>
          <reporter-output>
          </reporter-output>
        </test-method> <!-- runScenario -->
        <test-method signature="runScenario(io.cucumber.testng.PickleWrapper,io.cucumber.testng.FeatureWrapper)[pri:0, instance:runners.TestRunner@2d901eb0]" started-at="2024-09-05T10:17:12 IST" name="runScenario" description="Runs Cucumber Scenarios" data-provider="scenarios" finished-at="2024-09-05T10:17:12 IST" duration-ms="93" status="PASS">
          <params>
            <param index="0">
              <value>
                <![CDATA["Get all rentals"]]>
              </value>
            </param>
            <param index="1">
              <value>
                <![CDATA["API Testing with Rest Assured"]]>
              </value>
            </param>
          </params>
          <reporter-output>
          </reporter-output>
        </test-method> <!-- runScenario -->
        <test-method is-config="true" signature="tearDownClass()[pri:0, instance:runners.TestRunner@2d901eb0]" started-at="2024-09-05T10:17:12 IST" name="tearDownClass" finished-at="2024-09-05T10:17:12 IST" duration-ms="109" status="PASS">
          <reporter-output>
          </reporter-output>
        </test-method> <!-- tearDownClass -->
      </class> <!-- runners.TestRunner -->
    </test> <!-- Default test -->
  </suite> <!-- Default suite -->
</testng-results>
